<?xml version="1.0" encoding="UTF-8"?>
<!-- Generated by org.testng.reporters.JUnitXMLReporter -->
<testsuite ignored="0" hostname="Squbixs-Mac-mini.local" failures="0" tests="2" name="Command line test" time="122.855" errors="0" timestamp="2023-03-30T15:20:59 IST">
  <testcase classname="com.ssid.test.didTransaction.DidTransaction" name="awalletOpen" time="41.145"/>
  <testcase classname="com.ssid.test.didTransaction.DidTransaction" name="didTrasaction" time="75.268"/>
</testsuite> <!-- Command line test -->
