<?xml version="1.0" encoding="UTF-8"?>
<testng-results ignored="0" total="2" passed="2" failed="0" skipped="0">
  <reporter-output>
  </reporter-output>
  <suite started-at="2023-03-30T17:54:07 IST" name="Suite" finished-at="2023-03-30T17:55:29 IST" duration-ms="81939">
    <groups>
    </groups>
    <test started-at="2023-03-30T17:54:07 IST" name="Test" finished-at="2023-03-30T17:55:29 IST" duration-ms="81939">
      <class name="com.ssid.test.didTransaction.DidTransaction">
        <test-method is-config="true" signature="Excel()[pri:0, instance:com.ssid.test.didTransaction.DidTransaction@bcec361]" started-at="2023-03-30T17:54:07 IST" name="Excel" finished-at="2023-03-30T17:54:14 IST" duration-ms="6280" status="PASS">
          <reporter-output>
          </reporter-output>
        </test-method> <!-- Excel -->
        <test-method is-config="true" signature="id()[pri:0, instance:com.ssid.test.didTransaction.DidTransaction@bcec361]" started-at="2023-03-30T17:54:14 IST" name="id" finished-at="2023-03-30T17:54:14 IST" duration-ms="3" status="PASS">
          <reporter-output>
          </reporter-output>
        </test-method> <!-- id -->
        <test-method signature="didTrasaction()[pri:0, instance:com.ssid.test.didTransaction.DidTransaction@bcec361]" started-at="2023-03-30T17:54:14 IST" name="didTrasaction" finished-at="2023-03-30T17:55:29 IST" duration-ms="75612" status="PASS">
          <reporter-output>
          </reporter-output>
        </test-method> <!-- didTrasaction -->
        <test-method signature="awalletOpen()[pri:0, instance:com.ssid.test.didTransaction.DidTransaction@bcec361]" started-at="2023-03-30T17:54:14 IST" name="awalletOpen" finished-at="2023-03-30T17:54:54 IST" duration-ms="40260" status="PASS">
          <reporter-output>
          </reporter-output>
        </test-method> <!-- awalletOpen -->
      </class> <!-- com.ssid.test.didTransaction.DidTransaction -->
    </test> <!-- Test -->
  </suite> <!-- Suite -->
</testng-results>
